31-Mar-2021 09:28:17.941 정보 [main] org.apache.catalina.startup.VersionLoggerListener.log 서버 버전 이름:        Apache Tomcat/9.0.17
31-Mar-2021 09:28:18.047 정보 [main] org.apache.catalina.startup.VersionLoggerListener.log Server 빌드 시각:          Mar 13 2019 15:55:27 UTC
31-Mar-2021 09:28:18.047 정보 [main] org.apache.catalina.startup.VersionLoggerListener.log Server 버전 번호:         9.0.17.0
31-Mar-2021 09:28:18.048 정보 [main] org.apache.catalina.startup.VersionLoggerListener.log 운영체제 이름:               Windows 10
31-Mar-2021 09:28:18.048 정보 [main] org.apache.catalina.startup.VersionLoggerListener.log 운영체제 버전:            10.0
31-Mar-2021 09:28:18.048 정보 [main] org.apache.catalina.startup.VersionLoggerListener.log 아키텍처:          amd64
31-Mar-2021 09:28:18.048 정보 [main] org.apache.catalina.startup.VersionLoggerListener.log 자바 홈:             C:\kdigital\jre8
31-Mar-2021 09:28:18.048 정보 [main] org.apache.catalina.startup.VersionLoggerListener.log JVM 버전:           1.8.0_111-b14
31-Mar-2021 09:28:18.048 정보 [main] org.apache.catalina.startup.VersionLoggerListener.log JVM 벤더:            Oracle Corporation
31-Mar-2021 09:28:18.049 정보 [main] org.apache.catalina.startup.VersionLoggerListener.log CATALINA_BASE:         C:\kdigital\tomcat9
31-Mar-2021 09:28:18.049 정보 [main] org.apache.catalina.startup.VersionLoggerListener.log CATALINA_HOME:         C:\kdigital\tomcat9
31-Mar-2021 09:28:18.049 정보 [main] org.apache.catalina.startup.VersionLoggerListener.log 명령 행 아규먼트: -Dcatalina.home=C:\kdigital\tomcat9
31-Mar-2021 09:28:18.049 정보 [main] org.apache.catalina.startup.VersionLoggerListener.log 명령 행 아규먼트: -Dcatalina.base=C:\kdigital\tomcat9
31-Mar-2021 09:28:18.049 정보 [main] org.apache.catalina.startup.VersionLoggerListener.log 명령 행 아규먼트: -Djava.io.tmpdir=C:\kdigital\tomcat9\temp
31-Mar-2021 09:28:18.049 정보 [main] org.apache.catalina.startup.VersionLoggerListener.log 명령 행 아규먼트: -Djava.util.logging.manager=org.apache.juli.ClassLoaderLogManager
31-Mar-2021 09:28:18.049 정보 [main] org.apache.catalina.startup.VersionLoggerListener.log 명령 행 아규먼트: -Djava.util.logging.config.file=C:\kdigital\tomcat9\conf\logging.properties
31-Mar-2021 09:28:18.049 정보 [main] org.apache.catalina.startup.VersionLoggerListener.log 명령 행 아규먼트: exit
31-Mar-2021 09:28:18.050 정보 [main] org.apache.catalina.startup.VersionLoggerListener.log 명령 행 아규먼트: abort
31-Mar-2021 09:28:18.050 정보 [main] org.apache.catalina.startup.VersionLoggerListener.log 명령 행 아규먼트: -Xms128m
31-Mar-2021 09:28:18.050 정보 [main] org.apache.catalina.startup.VersionLoggerListener.log 명령 행 아규먼트: -Xmx256m
31-Mar-2021 09:28:18.050 정보 [main] org.apache.catalina.core.AprLifecycleListener.lifecycleEvent 프로덕션 환경들에서 최적의 성능을 제공하는, APR 기반 Apache Tomcat Native 라이브러리가, 다음 java.library.path에서 발견되지 않습니다: [C:\kdigital\tomcat9\bin;C:\Windows\Sun\Java\bin;C:\Windows\system32;C:\Windows;C:\kdigital\oraclexe\app\oracle\product\11.2.0\server\bin;C:\Program Files (x86)\Common Files\Oracle\Java\javapath;C:\Windows\system32;C:\Windows;C:\Windows\System32\Wbem;C:\Windows\System32\WindowsPowerShell\v1.0\;C:\Windows\System32\OpenSSH\;C:\WINDOWS\softcamp\sds;C:\WINDOWS\softcamp\sdk;C:\WINDOWS\Softcamp\SDS\x64;C:\Windows\SoftCamp\Common;C:\Windows\SoftCamp\Common\x64;C:\Windows\SoftCamp\SDS;C:\Windows\SoftCamp\SDS\x64;C:\Windows\SoftCamp\SDK;C:\Windows\SoftCamp\SDK\x64;C:\Windows\SoftCamp\VSD;C:\Windows\SoftCamp\VSD\x64;C:\Windows\SoftCamp\Common;C:\Windows\SoftCamp\Common\x64;C:\Windows\SoftCamp\SDS;C:\Windows\SoftCamp\SDS\x64;C:\Windows\SoftCamp\SDK;C:\Windows\SoftCamp\SDK\x64;C:\Windows\SoftCamp\VSD;C:\Windows\SoftCamp\VSD\x64;C:\Program Files\Java\jdk1.8.0_251\bin;C:\Program Files\Git\cmd;C:\Windows\system32\config\systemprofile\AppData\Local\Microsoft\WindowsApps;.]
31-Mar-2021 09:28:18.758 정보 [main] org.apache.coyote.AbstractProtocol.init 프로토콜 핸들러 ["http-nio-9090"]을(를) 초기화합니다.
31-Mar-2021 09:28:19.287 정보 [main] org.apache.coyote.AbstractProtocol.init 프로토콜 핸들러 ["ajp-nio-8009"]을(를) 초기화합니다.
31-Mar-2021 09:28:19.303 정보 [main] org.apache.catalina.startup.Catalina.load [1,858] 밀리초 내에 서버가 초기화되었습니다.
31-Mar-2021 09:28:19.355 정보 [main] org.apache.catalina.core.StandardService.startInternal 서비스 [Catalina]을(를) 시작합니다.
31-Mar-2021 09:28:19.355 정보 [main] org.apache.catalina.core.StandardEngine.startInternal 서버 엔진을 시작합니다: [Apache Tomcat/9.0.17]
31-Mar-2021 09:28:19.370 정보 [main] org.apache.catalina.startup.HostConfig.deployDirectory 웹 애플리케이션 디렉토리 [C:\kdigital\tomcat9\webapps\docs]을(를) 배치합니다.
31-Mar-2021 09:28:19.809 정보 [main] org.apache.catalina.startup.HostConfig.deployDirectory 웹 애플리케이션 디렉토리 [C:\kdigital\tomcat9\webapps\docs]에 대한 배치가 [439] 밀리초에 완료되었습니다.
31-Mar-2021 09:28:19.809 정보 [main] org.apache.catalina.startup.HostConfig.deployDirectory 웹 애플리케이션 디렉토리 [C:\kdigital\tomcat9\webapps\manager]을(를) 배치합니다.
31-Mar-2021 09:28:19.871 정보 [main] org.apache.catalina.startup.HostConfig.deployDirectory 웹 애플리케이션 디렉토리 [C:\kdigital\tomcat9\webapps\manager]에 대한 배치가 [62] 밀리초에 완료되었습니다.
31-Mar-2021 09:28:19.871 정보 [main] org.apache.catalina.startup.HostConfig.deployDirectory 웹 애플리케이션 디렉토리 [C:\kdigital\tomcat9\webapps\ROOT]을(를) 배치합니다.
31-Mar-2021 09:28:19.903 정보 [main] org.apache.catalina.startup.HostConfig.deployDirectory 웹 애플리케이션 디렉토리 [C:\kdigital\tomcat9\webapps\ROOT]에 대한 배치가 [32] 밀리초에 완료되었습니다.
31-Mar-2021 09:28:19.909 정보 [main] org.apache.coyote.AbstractProtocol.start 프로토콜 핸들러 ["http-nio-9090"]을(를) 시작합니다.
31-Mar-2021 09:28:19.925 정보 [main] org.apache.coyote.AbstractProtocol.start 프로토콜 핸들러 ["ajp-nio-8009"]을(를) 시작합니다.
31-Mar-2021 09:28:19.933 정보 [main] org.apache.catalina.startup.Catalina.start 서버가 [628] 밀리초 내에 시작되었습니다.
31-Mar-2021 09:31:30.058 정보 [Thread-6] org.apache.coyote.AbstractProtocol.pause 프로토콜 핸들러 ["http-nio-9090"]을(를) 일시 정지 중
31-Mar-2021 09:31:30.337 정보 [Thread-6] org.apache.coyote.AbstractProtocol.pause 프로토콜 핸들러 ["ajp-nio-8009"]을(를) 일시 정지 중
31-Mar-2021 09:31:30.612 정보 [Thread-6] org.apache.catalina.core.StandardService.stopInternal 서비스 [Catalina]을(를) 중지시킵니다.
31-Mar-2021 09:31:30.640 정보 [Thread-6] org.apache.coyote.AbstractProtocol.stop 프로토콜 핸들러 ["http-nio-9090"]을(를) 중지시킵니다.
31-Mar-2021 09:31:30.641 정보 [Thread-6] org.apache.coyote.AbstractProtocol.stop 프로토콜 핸들러 ["ajp-nio-8009"]을(를) 중지시킵니다.
31-Mar-2021 09:31:30.643 정보 [Thread-6] org.apache.coyote.AbstractProtocol.destroy 프로토콜 핸들러 ["http-nio-9090"]을(를) 소멸시킵니다.
31-Mar-2021 09:31:30.644 정보 [Thread-6] org.apache.coyote.AbstractProtocol.destroy 프로토콜 핸들러 ["ajp-nio-8009"]을(를) 소멸시킵니다.
31-Mar-2021 09:32:12.455 정보 [main] org.apache.catalina.startup.VersionLoggerListener.log 서버 버전 이름:        Apache Tomcat/9.0.17
31-Mar-2021 09:32:12.459 정보 [main] org.apache.catalina.startup.VersionLoggerListener.log Server 빌드 시각:          Mar 13 2019 15:55:27 UTC
31-Mar-2021 09:32:12.459 정보 [main] org.apache.catalina.startup.VersionLoggerListener.log Server 버전 번호:         9.0.17.0
31-Mar-2021 09:32:12.459 정보 [main] org.apache.catalina.startup.VersionLoggerListener.log 운영체제 이름:               Windows 10
31-Mar-2021 09:32:12.459 정보 [main] org.apache.catalina.startup.VersionLoggerListener.log 운영체제 버전:            10.0
31-Mar-2021 09:32:12.459 정보 [main] org.apache.catalina.startup.VersionLoggerListener.log 아키텍처:          amd64
31-Mar-2021 09:32:12.459 정보 [main] org.apache.catalina.startup.VersionLoggerListener.log 자바 홈:             C:\kdigital\jre8
31-Mar-2021 09:32:12.459 정보 [main] org.apache.catalina.startup.VersionLoggerListener.log JVM 버전:           1.8.0_111-b14
31-Mar-2021 09:32:12.460 정보 [main] org.apache.catalina.startup.VersionLoggerListener.log JVM 벤더:            Oracle Corporation
31-Mar-2021 09:32:12.460 정보 [main] org.apache.catalina.startup.VersionLoggerListener.log CATALINA_BASE:         C:\kdigital\tomcat9
31-Mar-2021 09:32:12.460 정보 [main] org.apache.catalina.startup.VersionLoggerListener.log CATALINA_HOME:         C:\kdigital\tomcat9
31-Mar-2021 09:32:12.460 정보 [main] org.apache.catalina.startup.VersionLoggerListener.log 명령 행 아규먼트: -Dcatalina.home=C:\kdigital\tomcat9
31-Mar-2021 09:32:12.460 정보 [main] org.apache.catalina.startup.VersionLoggerListener.log 명령 행 아규먼트: -Dcatalina.base=C:\kdigital\tomcat9
31-Mar-2021 09:32:12.460 정보 [main] org.apache.catalina.startup.VersionLoggerListener.log 명령 행 아규먼트: -Djava.io.tmpdir=C:\kdigital\tomcat9\temp
31-Mar-2021 09:32:12.460 정보 [main] org.apache.catalina.startup.VersionLoggerListener.log 명령 행 아규먼트: -Djava.util.logging.manager=org.apache.juli.ClassLoaderLogManager
31-Mar-2021 09:32:12.461 정보 [main] org.apache.catalina.startup.VersionLoggerListener.log 명령 행 아규먼트: -Djava.util.logging.config.file=C:\kdigital\tomcat9\conf\logging.properties
31-Mar-2021 09:32:12.461 정보 [main] org.apache.catalina.startup.VersionLoggerListener.log 명령 행 아규먼트: exit
31-Mar-2021 09:32:12.461 정보 [main] org.apache.catalina.startup.VersionLoggerListener.log 명령 행 아규먼트: abort
31-Mar-2021 09:32:12.461 정보 [main] org.apache.catalina.startup.VersionLoggerListener.log 명령 행 아규먼트: -Xms128m
31-Mar-2021 09:32:12.461 정보 [main] org.apache.catalina.startup.VersionLoggerListener.log 명령 행 아규먼트: -Xmx256m
31-Mar-2021 09:32:12.461 정보 [main] org.apache.catalina.core.AprLifecycleListener.lifecycleEvent 프로덕션 환경들에서 최적의 성능을 제공하는, APR 기반 Apache Tomcat Native 라이브러리가, 다음 java.library.path에서 발견되지 않습니다: [C:\kdigital\tomcat9\bin;C:\Windows\Sun\Java\bin;C:\Windows\system32;C:\Windows;C:\kdigital\oraclexe\app\oracle\product\11.2.0\server\bin;C:\Program Files (x86)\Common Files\Oracle\Java\javapath;C:\Windows\system32;C:\Windows;C:\Windows\System32\Wbem;C:\Windows\System32\WindowsPowerShell\v1.0\;C:\Windows\System32\OpenSSH\;C:\WINDOWS\softcamp\sds;C:\WINDOWS\softcamp\sdk;C:\WINDOWS\Softcamp\SDS\x64;C:\Windows\SoftCamp\Common;C:\Windows\SoftCamp\Common\x64;C:\Windows\SoftCamp\SDS;C:\Windows\SoftCamp\SDS\x64;C:\Windows\SoftCamp\SDK;C:\Windows\SoftCamp\SDK\x64;C:\Windows\SoftCamp\VSD;C:\Windows\SoftCamp\VSD\x64;C:\Windows\SoftCamp\Common;C:\Windows\SoftCamp\Common\x64;C:\Windows\SoftCamp\SDS;C:\Windows\SoftCamp\SDS\x64;C:\Windows\SoftCamp\SDK;C:\Windows\SoftCamp\SDK\x64;C:\Windows\SoftCamp\VSD;C:\Windows\SoftCamp\VSD\x64;C:\Program Files\Java\jdk1.8.0_251\bin;C:\Program Files\Git\cmd;C:\Windows\system32\config\systemprofile\AppData\Local\Microsoft\WindowsApps;.]
31-Mar-2021 09:32:12.613 정보 [main] org.apache.coyote.AbstractProtocol.init 프로토콜 핸들러 ["http-nio-9090"]을(를) 초기화합니다.
31-Mar-2021 09:32:13.004 정보 [main] org.apache.coyote.AbstractProtocol.init 프로토콜 핸들러 ["ajp-nio-8009"]을(를) 초기화합니다.
31-Mar-2021 09:32:13.016 정보 [main] org.apache.catalina.startup.Catalina.load [1,003] 밀리초 내에 서버가 초기화되었습니다.
31-Mar-2021 09:32:13.066 정보 [main] org.apache.catalina.core.StandardService.startInternal 서비스 [Catalina]을(를) 시작합니다.
31-Mar-2021 09:32:13.066 정보 [main] org.apache.catalina.core.StandardEngine.startInternal 서버 엔진을 시작합니다: [Apache Tomcat/9.0.17]
31-Mar-2021 09:32:13.077 정보 [main] org.apache.catalina.startup.HostConfig.deployDirectory 웹 애플리케이션 디렉토리 [C:\kdigital\tomcat9\webapps\docs]을(를) 배치합니다.
31-Mar-2021 09:32:13.426 정보 [main] org.apache.catalina.startup.HostConfig.deployDirectory 웹 애플리케이션 디렉토리 [C:\kdigital\tomcat9\webapps\docs]에 대한 배치가 [348] 밀리초에 완료되었습니다.
31-Mar-2021 09:32:13.426 정보 [main] org.apache.catalina.startup.HostConfig.deployDirectory 웹 애플리케이션 디렉토리 [C:\kdigital\tomcat9\webapps\manager]을(를) 배치합니다.
31-Mar-2021 09:32:13.483 정보 [main] org.apache.catalina.startup.HostConfig.deployDirectory 웹 애플리케이션 디렉토리 [C:\kdigital\tomcat9\webapps\manager]에 대한 배치가 [57] 밀리초에 완료되었습니다.
31-Mar-2021 09:32:13.483 정보 [main] org.apache.catalina.startup.HostConfig.deployDirectory 웹 애플리케이션 디렉토리 [C:\kdigital\tomcat9\webapps\ROOT]을(를) 배치합니다.
31-Mar-2021 09:32:13.516 정보 [main] org.apache.catalina.startup.HostConfig.deployDirectory 웹 애플리케이션 디렉토리 [C:\kdigital\tomcat9\webapps\ROOT]에 대한 배치가 [33] 밀리초에 완료되었습니다.
31-Mar-2021 09:32:13.522 정보 [main] org.apache.coyote.AbstractProtocol.start 프로토콜 핸들러 ["http-nio-9090"]을(를) 시작합니다.
31-Mar-2021 09:32:13.544 정보 [main] org.apache.coyote.AbstractProtocol.start 프로토콜 핸들러 ["ajp-nio-8009"]을(를) 시작합니다.
31-Mar-2021 09:32:13.553 정보 [main] org.apache.catalina.startup.Catalina.start 서버가 [537] 밀리초 내에 시작되었습니다.
31-Mar-2021 09:32:55.438 정보 [Thread-6] org.apache.coyote.AbstractProtocol.pause 프로토콜 핸들러 ["http-nio-9090"]을(를) 일시 정지 중
31-Mar-2021 09:32:55.705 정보 [Thread-6] org.apache.coyote.AbstractProtocol.pause 프로토콜 핸들러 ["ajp-nio-8009"]을(를) 일시 정지 중
31-Mar-2021 09:32:55.963 정보 [Thread-6] org.apache.catalina.core.StandardService.stopInternal 서비스 [Catalina]을(를) 중지시킵니다.
31-Mar-2021 09:32:55.987 정보 [Thread-6] org.apache.coyote.AbstractProtocol.stop 프로토콜 핸들러 ["http-nio-9090"]을(를) 중지시킵니다.
31-Mar-2021 09:32:55.988 정보 [Thread-6] org.apache.coyote.AbstractProtocol.stop 프로토콜 핸들러 ["ajp-nio-8009"]을(를) 중지시킵니다.
31-Mar-2021 09:32:55.990 정보 [Thread-6] org.apache.coyote.AbstractProtocol.destroy 프로토콜 핸들러 ["http-nio-9090"]을(를) 소멸시킵니다.
31-Mar-2021 09:32:55.991 정보 [Thread-6] org.apache.coyote.AbstractProtocol.destroy 프로토콜 핸들러 ["ajp-nio-8009"]을(를) 소멸시킵니다.
